0 info it worked if it ends with ok
1 verbose cli [ '/usr/local/Cellar/node/6.2.2/bin/node',
1 verbose cli   '/usr/local/bin/npm',
1 verbose cli   'run',
1 verbose cli   'go' ]
2 info using npm@1.3.14
3 info using node@v6.2.2
4 verbose run-script [ 'prego', 'go', 'postgo' ]
5 info prego tiy-full-stack@0.0.0
6 info go tiy-full-stack@0.0.0
7 verbose unsafe-perm in lifecycle true
8 info tiy-full-stack@0.0.0 Failed to exec go script
9 error tiy-full-stack@0.0.0 go: `npm run watch && npm run dev`
9 error Exit status 1
10 error Failed at the tiy-full-stack@0.0.0 go script.
10 error This is most likely a problem with the tiy-full-stack package,
10 error not with npm itself.
10 error Tell the author that this fails on your system:
10 error     npm run watch && npm run dev
10 error You can get their info via:
10 error     npm owner ls tiy-full-stack
10 error There is likely additional logging output above.
11 error System Darwin 15.2.0
12 error command "/usr/local/Cellar/node/6.2.2/bin/node" "/usr/local/bin/npm" "run" "go"
13 error cwd /Users/johnludena/Documents/TIY/homework/blogplatform
14 error node -v v6.2.2
15 error npm -v 1.3.14
16 error code ELIFECYCLE
17 verbose exit [ 1, true ]
